[21-Dec-2023 08:55:24 UTC] PHP Warning:  Attempt to read property "title" on null in /Users/invite/Local Sites/planty/app/public/wp-includes/class-wp-customize-widgets.php on line 905
[21-Dec-2023 08:55:25 UTC] PHP Warning:  Undefined variable $qsid in /Users/invite/Local Sites/planty/app/public/wp-content/plugins/child-theme-configurator/includes/classes/CSS.php on line 958
[21-Dec-2023 08:55:25 UTC] PHP Warning:  Undefined variable $qsid in /Users/invite/Local Sites/planty/app/public/wp-content/plugins/child-theme-configurator/includes/classes/CSS.php on line 960
[21-Dec-2023 08:55:25 UTC] PHP Warning:  Undefined variable $qsid in /Users/invite/Local Sites/planty/app/public/wp-content/plugins/child-theme-configurator/includes/classes/CSS.php on line 967
[21-Dec-2023 08:55:25 UTC] PHP Warning:  Undefined variable $qsid in /Users/invite/Local Sites/planty/app/public/wp-content/plugins/child-theme-configurator/includes/classes/CSS.php on line 968
[21-Dec-2023 08:55:25 UTC] PHP Warning:  Undefined variable $qsid in /Users/invite/Local Sites/planty/app/public/wp-content/plugins/child-theme-configurator/includes/classes/CSS.php on line 971
[21-Dec-2023 08:55:35 UTC] PHP Warning:  Attempt to read property "title" on null in /Users/invite/Local Sites/planty/app/public/wp-includes/class-wp-customize-widgets.php on line 905
[21-Dec-2023 08:55:36 UTC] PHP Warning:  Undefined variable $qsid in /Users/invite/Local Sites/planty/app/public/wp-content/plugins/child-theme-configurator/includes/classes/CSS.php on line 958
[21-Dec-2023 08:55:36 UTC] PHP Warning:  Undefined variable $qsid in /Users/invite/Local Sites/planty/app/public/wp-content/plugins/child-theme-configurator/includes/classes/CSS.php on line 960
[21-Dec-2023 08:55:36 UTC] PHP Warning:  Undefined variable $qsid in /Users/invite/Local Sites/planty/app/public/wp-content/plugins/child-theme-configurator/includes/classes/CSS.php on line 967
[21-Dec-2023 08:55:36 UTC] PHP Warning:  Undefined variable $qsid in /Users/invite/Local Sites/planty/app/public/wp-content/plugins/child-theme-configurator/includes/classes/CSS.php on line 968
[21-Dec-2023 08:55:36 UTC] PHP Warning:  Undefined variable $qsid in /Users/invite/Local Sites/planty/app/public/wp-content/plugins/child-theme-configurator/includes/classes/CSS.php on line 971
[21-Dec-2023 08:55:37 UTC] PHP Warning:  Attempt to read property "title" on null in /Users/invite/Local Sites/planty/app/public/wp-includes/class-wp-customize-widgets.php on line 905
[21-Dec-2023 15:06:19 UTC] PHP Warning:  Attempt to read property "title" on null in /Users/invite/Local Sites/planty/app/public/wp-includes/class-wp-customize-widgets.php on line 905
[21-Dec-2023 15:06:20 UTC] PHP Warning:  Undefined variable $qsid in /Users/invite/Local Sites/planty/app/public/wp-content/plugins/child-theme-configurator/includes/classes/CSS.php on line 958
[21-Dec-2023 15:06:20 UTC] PHP Warning:  Undefined variable $qsid in /Users/invite/Local Sites/planty/app/public/wp-content/plugins/child-theme-configurator/includes/classes/CSS.php on line 960
[21-Dec-2023 15:06:20 UTC] PHP Warning:  Undefined variable $qsid in /Users/invite/Local Sites/planty/app/public/wp-content/plugins/child-theme-configurator/includes/classes/CSS.php on line 967
[21-Dec-2023 15:06:20 UTC] PHP Warning:  Undefined variable $qsid in /Users/invite/Local Sites/planty/app/public/wp-content/plugins/child-theme-configurator/includes/classes/CSS.php on line 968
[21-Dec-2023 15:06:20 UTC] PHP Warning:  Undefined variable $qsid in /Users/invite/Local Sites/planty/app/public/wp-content/plugins/child-theme-configurator/includes/classes/CSS.php on line 971
[21-Dec-2023 15:06:22 UTC] PHP Warning:  Attempt to read property "title" on null in /Users/invite/Local Sites/planty/app/public/wp-includes/class-wp-customize-widgets.php on line 905
[21-Dec-2023 15:07:22 UTC] PHP Warning:  Attempt to read property "title" on null in /Users/invite/Local Sites/planty/app/public/wp-includes/class-wp-customize-widgets.php on line 905
[26-Dec-2023 09:37:31 UTC] PHP Warning:  Une erreur imprévue est survenue. Il pourrait y avoir un problème avec WordPress.org ou la configuration de ce serveur. Si vous continuez à rencontrer ce problème, veuillez vous rendre sur les <a href="https://wpfr.net/support">forums de support</a>. (WordPress n’a pas pu établir de connexion sécurisée vers WordPress.org. Veuillez contacter l’administrateur ou l’administratrice de votre serveur.) in /Users/invite/Local Sites/planty/app/public/wp-includes/update.php on line 205
[26-Dec-2023 09:37:31 UTC] PHP Warning:  Une erreur imprévue est survenue. Il pourrait y avoir un problème avec WordPress.org ou la configuration de ce serveur. Si vous continuez à rencontrer ce problème, veuillez vous rendre sur les <a href="https://wpfr.net/support">forums de support</a>. (WordPress n’a pas pu établir de connexion sécurisée vers WordPress.org. Veuillez contacter l’administrateur ou l’administratrice de votre serveur.) in /Users/invite/Local Sites/planty/app/public/wp-includes/update.php on line 443
[26-Dec-2023 09:37:31 UTC] PHP Warning:  Une erreur imprévue est survenue. Il pourrait y avoir un problème avec WordPress.org ou la configuration de ce serveur. Si vous continuez à rencontrer ce problème, veuillez vous rendre sur les <a href="https://wpfr.net/support">forums de support</a>. (WordPress n’a pas pu établir de connexion sécurisée vers WordPress.org. Veuillez contacter l’administrateur ou l’administratrice de votre serveur.) in /Users/invite/Local Sites/planty/app/public/wp-includes/update.php on line 724
[26-Dec-2023 11:23:05 UTC] PHP Warning:  Attempt to read property "title" on null in /Users/invite/Local Sites/planty/app/public/wp-includes/class-wp-customize-widgets.php on line 905
[26-Dec-2023 20:26:06 UTC] PHP Warning:  Attempt to read property "title" on null in /Users/invite/Local Sites/planty/app/public/wp-includes/class-wp-customize-widgets.php on line 905
[27-Dec-2023 19:59:30 UTC] PHP Warning:  Attempt to read property "title" on null in /Users/invite/Local Sites/planty/app/public/wp-includes/class-wp-customize-widgets.php on line 905
[04-Jan-2024 16:28:32 UTC] PHP Warning:  Attempt to read property "title" on null in /Users/invite/Local Sites/planty/app/public/wp-includes/class-wp-customize-widgets.php on line 905
[04-Jan-2024 18:35:08 UTC] PHP Warning:  Attempt to read property "title" on null in /Users/invite/Local Sites/planty/app/public/wp-includes/class-wp-customize-widgets.php on line 905
[04-Jan-2024 18:35:36 UTC] PHP Warning:  Attempt to read property "title" on null in /Users/invite/Local Sites/planty/app/public/wp-includes/class-wp-customize-widgets.php on line 905
[04-Jan-2024 18:36:44 UTC] PHP Warning:  Attempt to read property "title" on null in /Users/invite/Local Sites/planty/app/public/wp-includes/class-wp-customize-widgets.php on line 905
[11-Jan-2024 06:42:57 UTC] PHP Warning:  Attempt to read property "title" on null in /Users/invite/Local Sites/planty/app/public/wp-includes/class-wp-customize-widgets.php on line 905
[11-Jan-2024 06:43:53 UTC] PHP Warning:  Attempt to read property "title" on null in /Users/invite/Local Sites/planty/app/public/wp-includes/class-wp-customize-widgets.php on line 905
[11-Jan-2024 06:43:59 UTC] PHP Warning:  Attempt to read property "title" on null in /Users/invite/Local Sites/planty/app/public/wp-includes/class-wp-customize-widgets.php on line 905
[11-Jan-2024 06:47:49 UTC] PHP Warning:  Attempt to read property "title" on null in /Users/invite/Local Sites/planty/app/public/wp-includes/class-wp-customize-widgets.php on line 905
[11-Jan-2024 06:50:12 UTC] PHP Warning:  Attempt to read property "title" on null in /Users/invite/Local Sites/planty/app/public/wp-includes/class-wp-customize-widgets.php on line 905
[11-Jan-2024 06:50:16 UTC] PHP Warning:  Attempt to read property "title" on null in /Users/invite/Local Sites/planty/app/public/wp-includes/class-wp-customize-widgets.php on line 905
[11-Jan-2024 06:50:25 UTC] PHP Warning:  Attempt to read property "title" on null in /Users/invite/Local Sites/planty/app/public/wp-includes/class-wp-customize-widgets.php on line 905
[11-Jan-2024 06:51:31 UTC] PHP Warning:  Attempt to read property "title" on null in /Users/invite/Local Sites/planty/app/public/wp-includes/class-wp-customize-widgets.php on line 905
[11-Jan-2024 06:51:51 UTC] PHP Warning:  Attempt to read property "title" on null in /Users/invite/Local Sites/planty/app/public/wp-includes/class-wp-customize-widgets.php on line 905
[11-Jan-2024 06:56:29 UTC] PHP Warning:  Attempt to read property "title" on null in /Users/invite/Local Sites/planty/app/public/wp-includes/class-wp-customize-widgets.php on line 905
[11-Jan-2024 09:08:24 UTC] PHP Warning:  Attempt to read property "title" on null in /Users/invite/Local Sites/planty/app/public/wp-includes/class-wp-customize-widgets.php on line 905
[11-Jan-2024 09:18:47 UTC] PHP Warning:  Attempt to read property "title" on null in /Users/invite/Local Sites/planty/app/public/wp-includes/class-wp-customize-widgets.php on line 905
[11-Jan-2024 09:19:12 UTC] PHP Warning:  Attempt to read property "title" on null in /Users/invite/Local Sites/planty/app/public/wp-includes/class-wp-customize-widgets.php on line 905
[11-Jan-2024 09:19:49 UTC] PHP Warning:  Attempt to read property "title" on null in /Users/invite/Local Sites/planty/app/public/wp-includes/class-wp-customize-widgets.php on line 905
[11-Jan-2024 10:58:48 UTC] PHP Warning:  Attempt to read property "title" on null in /Users/invite/Local Sites/planty/app/public/wp-includes/class-wp-customize-widgets.php on line 905
[11-Jan-2024 10:59:28 UTC] PHP Warning:  Attempt to read property "title" on null in /Users/invite/Local Sites/planty/app/public/wp-includes/class-wp-customize-widgets.php on line 905
[11-Jan-2024 10:59:44 UTC] PHP Warning:  Attempt to read property "title" on null in /Users/invite/Local Sites/planty/app/public/wp-includes/class-wp-customize-widgets.php on line 905
[11-Jan-2024 10:59:51 UTC] PHP Warning:  Attempt to read property "title" on null in /Users/invite/Local Sites/planty/app/public/wp-includes/class-wp-customize-widgets.php on line 905
[11-Jan-2024 11:00:16 UTC] PHP Warning:  Attempt to read property "title" on null in /Users/invite/Local Sites/planty/app/public/wp-includes/class-wp-customize-widgets.php on line 905
[11-Jan-2024 11:00:41 UTC] PHP Warning:  Attempt to read property "title" on null in /Users/invite/Local Sites/planty/app/public/wp-includes/class-wp-customize-widgets.php on line 905
[11-Jan-2024 11:01:11 UTC] PHP Warning:  Attempt to read property "title" on null in /Users/invite/Local Sites/planty/app/public/wp-includes/class-wp-customize-widgets.php on line 905
[11-Jan-2024 11:01:18 UTC] PHP Warning:  Attempt to read property "title" on null in /Users/invite/Local Sites/planty/app/public/wp-includes/class-wp-customize-widgets.php on line 905
[11-Jan-2024 11:01:54 UTC] PHP Warning:  Attempt to read property "title" on null in /Users/invite/Local Sites/planty/app/public/wp-includes/class-wp-customize-widgets.php on line 905
[18-Jan-2024 17:06:55 UTC] PHP Warning:  Attempt to read property "title" on null in /Users/invite/Local Sites/planty/app/public/wp-includes/class-wp-customize-widgets.php on line 905
[18-Jan-2024 17:09:32 UTC] PHP Warning:  Attempt to read property "title" on null in /Users/invite/Local Sites/planty/app/public/wp-includes/class-wp-customize-widgets.php on line 905
[18-Jan-2024 19:25:25 UTC] PHP Warning:  Attempt to read property "title" on null in /Users/invite/Local Sites/planty/app/public/wp-includes/class-wp-customize-widgets.php on line 905
[18-Jan-2024 19:28:46 UTC] PHP Warning:  Attempt to read property "title" on null in /Users/invite/Local Sites/planty/app/public/wp-includes/class-wp-customize-widgets.php on line 905
[18-Jan-2024 19:30:34 UTC] PHP Warning:  Attempt to read property "title" on null in /Users/invite/Local Sites/planty/app/public/wp-includes/class-wp-customize-widgets.php on line 905
[18-Jan-2024 19:35:49 UTC] PHP Warning:  Attempt to read property "title" on null in /Users/invite/Local Sites/planty/app/public/wp-includes/class-wp-customize-widgets.php on line 905
[18-Jan-2024 19:38:41 UTC] PHP Warning:  Attempt to read property "title" on null in /Users/invite/Local Sites/planty/app/public/wp-includes/class-wp-customize-widgets.php on line 905
[20-Jan-2024 11:58:07 UTC] PHP Warning:  Attempt to read property "title" on null in /Users/invite/Local Sites/planty/app/public/wp-includes/class-wp-customize-widgets.php on line 905
[21-Jan-2024 15:12:39 UTC] PHP Warning:  Attempt to read property "title" on null in /Users/invite/Local Sites/planty/app/public/wp-includes/class-wp-customize-widgets.php on line 905
[21-Jan-2024 15:33:33 UTC] PHP Warning:  Attempt to read property "title" on null in /Users/invite/Local Sites/planty/app/public/wp-includes/class-wp-customize-widgets.php on line 905
[21-Jan-2024 15:41:58 UTC] PHP Warning:  Attempt to read property "title" on null in /Users/invite/Local Sites/planty/app/public/wp-includes/class-wp-customize-widgets.php on line 905
[21-Jan-2024 15:45:59 UTC] PHP Warning:  Attempt to read property "title" on null in /Users/invite/Local Sites/planty/app/public/wp-includes/class-wp-customize-widgets.php on line 905
[21-Jan-2024 15:46:41 UTC] PHP Warning:  Attempt to read property "title" on null in /Users/invite/Local Sites/planty/app/public/wp-includes/class-wp-customize-widgets.php on line 905
[21-Jan-2024 15:47:56 UTC] PHP Warning:  Attempt to read property "title" on null in /Users/invite/Local Sites/planty/app/public/wp-includes/class-wp-customize-widgets.php on line 905
[21-Jan-2024 15:49:20 UTC] PHP Warning:  Attempt to read property "title" on null in /Users/invite/Local Sites/planty/app/public/wp-includes/class-wp-customize-widgets.php on line 905
[21-Jan-2024 15:49:53 UTC] PHP Warning:  Attempt to read property "title" on null in /Users/invite/Local Sites/planty/app/public/wp-includes/class-wp-customize-widgets.php on line 905
[21-Jan-2024 15:50:51 UTC] PHP Warning:  Attempt to read property "title" on null in /Users/invite/Local Sites/planty/app/public/wp-includes/class-wp-customize-widgets.php on line 905
[21-Jan-2024 15:57:57 UTC] PHP Warning:  Attempt to read property "title" on null in /Users/invite/Local Sites/planty/app/public/wp-includes/class-wp-customize-widgets.php on line 905
[21-Jan-2024 16:08:32 UTC] PHP Warning:  Attempt to read property "title" on null in /Users/invite/Local Sites/planty/app/public/wp-includes/class-wp-customize-widgets.php on line 905
[21-Jan-2024 16:16:57 UTC] PHP Warning:  Attempt to read property "title" on null in /Users/invite/Local Sites/planty/app/public/wp-includes/class-wp-customize-widgets.php on line 905
[21-Jan-2024 16:25:50 UTC] PHP Warning:  Attempt to read property "title" on null in /Users/invite/Local Sites/planty/app/public/wp-includes/class-wp-customize-widgets.php on line 905
[21-Jan-2024 16:26:28 UTC] PHP Warning:  Attempt to read property "title" on null in /Users/invite/Local Sites/planty/app/public/wp-includes/class-wp-customize-widgets.php on line 905
[21-Jan-2024 16:28:10 UTC] PHP Warning:  Attempt to read property "title" on null in /Users/invite/Local Sites/planty/app/public/wp-includes/class-wp-customize-widgets.php on line 905
[21-Jan-2024 16:43:35 UTC] PHP Warning:  Attempt to read property "title" on null in /Users/invite/Local Sites/planty/app/public/wp-includes/class-wp-customize-widgets.php on line 905
[21-Jan-2024 17:18:04 UTC] PHP Warning:  Attempt to read property "title" on null in /Users/invite/Local Sites/planty/app/public/wp-includes/class-wp-customize-widgets.php on line 905
[21-Jan-2024 17:18:44 UTC] PHP Warning:  Attempt to read property "title" on null in /Users/invite/Local Sites/planty/app/public/wp-includes/class-wp-customize-widgets.php on line 905
[21-Jan-2024 17:29:49 UTC] PHP Warning:  Attempt to read property "title" on null in /Users/invite/Local Sites/planty/app/public/wp-includes/class-wp-customize-widgets.php on line 905
[21-Jan-2024 18:00:24 UTC] PHP Parse error:  syntax error, unexpected token "<", expecting end of file in /Users/invite/Local Sites/planty/app/public/wp-content/themes/hello-elementor-child/functions.php on line 26
[21-Jan-2024 18:00:25 UTC] PHP Parse error:  syntax error, unexpected token "<", expecting end of file in /Users/invite/Local Sites/planty/app/public/wp-content/themes/hello-elementor-child/functions.php on line 26
[21-Jan-2024 18:39:49 UTC] PHP Warning:  Attempt to read property "title" on null in /Users/invite/Local Sites/planty/app/public/wp-includes/class-wp-customize-widgets.php on line 905
[22-Jan-2024 08:12:55 UTC] PHP Warning:  Une erreur imprévue est survenue. Il pourrait y avoir un problème avec WordPress.org ou la configuration de ce serveur. Si vous continuez à rencontrer ce problème, veuillez vous rendre sur les <a href="https://wpfr.net/support">forums de support</a>. (WordPress n’a pas pu établir de connexion sécurisée vers WordPress.org. Veuillez contacter l’administrateur ou l’administratrice de votre serveur.) in /Users/invite/Local Sites/planty/app/public/wp-includes/update.php on line 443
[25-Jan-2024 09:51:50 UTC] PHP Parse error:  syntax error, unexpected token "<", expecting end of file in /Users/invite/Local Sites/planty/app/public/wp-content/themes/hello-elementor-child/functions.php on line 26
[25-Jan-2024 09:51:50 UTC] PHP Warning:  Trying to access array offset on value of type bool in /Users/invite/Local Sites/planty/app/public/wp-includes/class-wp-recovery-mode-email-service.php on line 367
[25-Jan-2024 09:51:50 UTC] PHP Warning:  Trying to access array offset on value of type bool in /Users/invite/Local Sites/planty/app/public/wp-includes/class-wp-recovery-mode-email-service.php on line 368
