[19-Dec-2023 20:59:00] NOTICE: fpm is running, pid 6572
[19-Dec-2023 20:59:00] NOTICE: ready to handle connections
[21-Jan-2024 19:05:03] NOTICE: Terminating ...
[21-Jan-2024 19:05:03] NOTICE: Terminating ...
[21-Jan-2024 19:05:03] NOTICE: exiting, bye-bye!
[21-Jan-2024 19:07:51] NOTICE: fpm is running, pid 24171
[21-Jan-2024 19:07:51] NOTICE: ready to handle connections
[21-Jan-2024 20:56:25] NOTICE: Terminating ...
[21-Jan-2024 20:56:25] NOTICE: Terminating ...
[21-Jan-2024 20:56:25] NOTICE: exiting, bye-bye!
[21-Jan-2024 20:57:25] NOTICE: fpm is running, pid 25370
[21-Jan-2024 20:57:25] NOTICE: ready to handle connections
[25-Jan-2024 10:26:09] NOTICE: Terminating ...
[25-Jan-2024 10:26:09] NOTICE: Terminating ...
[25-Jan-2024 10:26:09] NOTICE: exiting, bye-bye!
[25-Jan-2024 10:26:15] NOTICE: fpm is running, pid 38915
[25-Jan-2024 10:26:15] NOTICE: ready to handle connections
[25-Jan-2024 10:33:30] NOTICE: Terminating ...
[25-Jan-2024 10:33:30] NOTICE: Terminating ...
[25-Jan-2024 10:33:30] NOTICE: exiting, bye-bye!
[25-Jan-2024 10:33:33] NOTICE: fpm is running, pid 39027
[25-Jan-2024 10:33:33] NOTICE: ready to handle connections
[25-Jan-2024 10:50:44] NOTICE: Terminating ...
[25-Jan-2024 10:50:44] NOTICE: Terminating ...
[25-Jan-2024 10:50:44] NOTICE: exiting, bye-bye!
[25-Jan-2024 10:50:47] NOTICE: fpm is running, pid 39307
[25-Jan-2024 10:50:47] NOTICE: ready to handle connections
[25-Jan-2024 10:53:05] NOTICE: Terminating ...
[25-Jan-2024 10:53:05] NOTICE: Terminating ...
[25-Jan-2024 10:53:05] NOTICE: exiting, bye-bye!
[25-Jan-2024 10:53:08] NOTICE: fpm is running, pid 39377
[25-Jan-2024 10:53:08] NOTICE: ready to handle connections
