AH00558: httpd: Could not reliably determine the server's fully qualified domain name, using MacBook-Pro-de-ESSAI.local. Set the 'ServerName' directive globally to suppress this message
[Tue Dec 19 20:59:00.860697 2023] [mpm_event:notice] [pid 6574:tid 4604057088] AH00489: Apache/2.4.43 (Unix) configured -- resuming normal operations
[Tue Dec 19 20:59:00.861484 2023] [core:notice] [pid 6574:tid 4604057088] AH00094: Command line: '/Users/invite/Library/Application Support/Local/lightning-services/apache-2.4.43+8/bin/darwin/bin/httpd -D FOREGROUND -f /Users/invite/Library/Application Support/Local/run/WQ1G7N0od/conf/apache/apache2.conf'
[Sun Jan 21 19:05:03.199994 2024] [mpm_event:notice] [pid 6574:tid 4604057088] AH00491: caught SIGTERM, shutting down
AH00558: httpd: Could not reliably determine the server's fully qualified domain name, using MacBook-Pro-de-ESSAI.local. Set the 'ServerName' directive globally to suppress this message
[Sun Jan 21 19:07:51.455847 2024] [mpm_event:notice] [pid 24173:tid 4462003712] AH00489: Apache/2.4.43 (Unix) configured -- resuming normal operations
[Sun Jan 21 19:07:51.456441 2024] [core:notice] [pid 24173:tid 4462003712] AH00094: Command line: '/Users/invite/Library/Application Support/Local/lightning-services/apache-2.4.43+8/bin/darwin/bin/httpd -D FOREGROUND -f /Users/invite/Library/Application Support/Local/run/WQ1G7N0od/conf/apache/apache2.conf'
[Sun Jan 21 20:56:25.364283 2024] [mpm_event:notice] [pid 24173:tid 4462003712] AH00491: caught SIGTERM, shutting down
AH00558: httpd: Could not reliably determine the server's fully qualified domain name, using MacBook-Pro-de-ESSAI.local. Set the 'ServerName' directive globally to suppress this message
[Sun Jan 21 20:57:25.573183 2024] [mpm_event:notice] [pid 25372:tid 4551423488] AH00489: Apache/2.4.43 (Unix) configured -- resuming normal operations
[Sun Jan 21 20:57:25.573734 2024] [core:notice] [pid 25372:tid 4551423488] AH00094: Command line: '/Users/invite/Library/Application Support/Local/lightning-services/apache-2.4.43+8/bin/darwin/bin/httpd -D FOREGROUND -f /Users/invite/Library/Application Support/Local/run/WQ1G7N0od/conf/apache/apache2.conf'
[Thu Jan 25 10:26:09.718926 2024] [mpm_event:notice] [pid 25372:tid 4551423488] AH00491: caught SIGTERM, shutting down
AH00558: httpd: Could not reliably determine the server's fully qualified domain name, using MacBook-Pro-de-ESSAI.local. Set the 'ServerName' directive globally to suppress this message
[Thu Jan 25 10:26:15.036106 2024] [mpm_event:notice] [pid 38917:tid 4572268032] AH00489: Apache/2.4.43 (Unix) configured -- resuming normal operations
[Thu Jan 25 10:26:15.036700 2024] [core:notice] [pid 38917:tid 4572268032] AH00094: Command line: '/Users/invite/Library/Application Support/Local/lightning-services/apache-2.4.43+8/bin/darwin/bin/httpd -D FOREGROUND -f /Users/invite/Library/Application Support/Local/run/WQ1G7N0od/conf/apache/apache2.conf'
[Thu Jan 25 10:33:30.535939 2024] [mpm_event:notice] [pid 38917:tid 4572268032] AH00491: caught SIGTERM, shutting down
AH00558: httpd: Could not reliably determine the server's fully qualified domain name, using MacBook-Pro-de-ESSAI.local. Set the 'ServerName' directive globally to suppress this message
[Thu Jan 25 10:33:33.146060 2024] [mpm_event:notice] [pid 39029:tid 4463023616] AH00489: Apache/2.4.43 (Unix) configured -- resuming normal operations
[Thu Jan 25 10:33:33.148221 2024] [core:notice] [pid 39029:tid 4463023616] AH00094: Command line: '/Users/invite/Library/Application Support/Local/lightning-services/apache-2.4.43+8/bin/darwin/bin/httpd -D FOREGROUND -f /Users/invite/Library/Application Support/Local/run/WQ1G7N0od/conf/apache/apache2.conf'
[Thu Jan 25 10:50:44.607025 2024] [mpm_event:notice] [pid 39029:tid 4463023616] AH00491: caught SIGTERM, shutting down
AH00558: httpd: Could not reliably determine the server's fully qualified domain name, using MacBook-Pro-de-ESSAI.local. Set the 'ServerName' directive globally to suppress this message
[Thu Jan 25 10:50:47.541093 2024] [mpm_event:notice] [pid 39309:tid 4676290048] AH00489: Apache/2.4.43 (Unix) configured -- resuming normal operations
[Thu Jan 25 10:50:47.541909 2024] [core:notice] [pid 39309:tid 4676290048] AH00094: Command line: '/Users/invite/Library/Application Support/Local/lightning-services/apache-2.4.43+8/bin/darwin/bin/httpd -D FOREGROUND -f /Users/invite/Library/Application Support/Local/run/WQ1G7N0od/conf/apache/apache2.conf'
[Thu Jan 25 10:53:05.289459 2024] [mpm_event:notice] [pid 39309:tid 4676290048] AH00491: caught SIGTERM, shutting down
AH00558: httpd: Could not reliably determine the server's fully qualified domain name, using MacBook-Pro-de-ESSAI.local. Set the 'ServerName' directive globally to suppress this message
[Thu Jan 25 10:53:07.939724 2024] [mpm_event:notice] [pid 39379:tid 4567729664] AH00489: Apache/2.4.43 (Unix) configured -- resuming normal operations
[Thu Jan 25 10:53:07.940570 2024] [core:notice] [pid 39379:tid 4567729664] AH00094: Command line: '/Users/invite/Library/Application Support/Local/lightning-services/apache-2.4.43+8/bin/darwin/bin/httpd -D FOREGROUND -f /Users/invite/Library/Application Support/Local/run/WQ1G7N0od/conf/apache/apache2.conf'
